<?xml version="1.0" encoding="UTF-8"?>
<!-- Generated by org.testng.reporters.JUnitXMLReporter -->
<testsuite ignored="0" hostname="SHISHIR" failures="1" tests="2" name="Default test" time="147.468" errors="0" timestamp="2024-03-03T15:38:46 BDT">
  <testcase classname="com.qa.testcases.AddProductsShoppingCartTest" name="CustomerAddProductsShoppingCartTest" time="39.693"/>
  <testcase classname="com.qa.testcases.AddProductsShoppingCartTest" name="CustomerPlaceOrderUsingGuestUserTest" time="65.129">
    <failure type="org.openqa.selenium.NoSuchElementException" message="An element could not be located on the page using the given search parameters.
For documentation on this error, please visit: https://www.seleniumhq.org/exceptions/no_such_element.html
Build info: version: &amp;apos;3.141.59&amp;apos;, revision: &amp;apos;e82be7d358&amp;apos;, time: &amp;apos;2018-11-14T08:17:03&amp;apos;
System info: host: &amp;apos;SHISHIR&amp;apos;, ip: &amp;apos;192.168.0.129&amp;apos;, os.name: &amp;apos;Windows 11&amp;apos;, os.arch: &amp;apos;amd64&amp;apos;, os.version: &amp;apos;10.0&amp;apos;, java.version: &amp;apos;17.0.7&amp;apos;
Driver info: io.appium.java_client.android.AndroidDriver
Capabilities {adbExecTimeout: 30000, appActivity: com.bs.ecommerce.main.Splas..., appPackage: com.nopstation.nopcommerce...., automationName: UiAutomator2, databaseEnabled: false, desired: {adbExecTimeout: 30000, appActivity: com.bs.ecommerce.main.Splas..., appPackage: com.nopstation.nopcommerce...., automationName: UiAutomator2, deviceName: Redmi Note 11, platformName: android, platformVersion: 13}, deviceApiLevel: 33, deviceManufacturer: Xiaomi, deviceModel: 2201117TG, deviceName: 3b96b4f2, deviceScreenDensity: 440, deviceScreenSize: 1080x2400, deviceUDID: 3b96b4f2, javascriptEnabled: true, locationContextEnabled: false, networkConnectionEnabled: true, pixelRatio: 2.75, platform: LINUX, platformName: Android, platformVersion: 13, statBarHeight: 93, takesScreenshot: true, viewportRect: {height: 2214, left: 0, top: 93, width: 1080}, warnings: {}, webStorageEnabled: false}
Session ID: f77eb00d-fc5a-4715-8c74-0e657fc66f95
*** Element info: {Using=xpath, value=/hierarchy/android.widget.FrameLayout/android.widget.LinearLayout/android.widget.FrameLayout/android.widget.LinearLayout/android.widget.FrameLayout/android.widget.LinearLayout/androidx.drawerlayout.widget.DrawerLayout/android.widget.RelativeLayout/android.widget.FrameLayout[1]/android.widget.RelativeLayout[2]/android.widget.FrameLayout[2]/android.widget.RelativeLayout/android.widget.ScrollView/android.widget.LinearLayout/com.bs.ecommerce.customViews.RadioGridGroupforReyMaterial/android.widget.RelativeLayout[4]}">
      <![CDATA[org.openqa.selenium.NoSuchElementException: An element could not be located on the page using the given search parameters.
For documentation on this error, please visit: https://www.seleniumhq.org/exceptions/no_such_element.html
Build info: version: '3.141.59', revision: 'e82be7d358', time: '2018-11-14T08:17:03'
System info: host: 'SHISHIR', ip: '192.168.0.129', os.name: 'Windows 11', os.arch: 'amd64', os.version: '10.0', java.version: '17.0.7'
Driver info: io.appium.java_client.android.AndroidDriver
Capabilities {adbExecTimeout: 30000, appActivity: com.bs.ecommerce.main.Splas..., appPackage: com.nopstation.nopcommerce...., automationName: UiAutomator2, databaseEnabled: false, desired: {adbExecTimeout: 30000, appActivity: com.bs.ecommerce.main.Splas..., appPackage: com.nopstation.nopcommerce...., automationName: UiAutomator2, deviceName: Redmi Note 11, platformName: android, platformVersion: 13}, deviceApiLevel: 33, deviceManufacturer: Xiaomi, deviceModel: 2201117TG, deviceName: 3b96b4f2, deviceScreenDensity: 440, deviceScreenSize: 1080x2400, deviceUDID: 3b96b4f2, javascriptEnabled: true, locationContextEnabled: false, networkConnectionEnabled: true, pixelRatio: 2.75, platform: LINUX, platformName: Android, platformVersion: 13, statBarHeight: 93, takesScreenshot: true, viewportRect: {height: 2214, left: 0, top: 93, width: 1080}, warnings: {}, webStorageEnabled: false}
Session ID: f77eb00d-fc5a-4715-8c74-0e657fc66f95
*** Element info: {Using=xpath, value=/hierarchy/android.widget.FrameLayout/android.widget.LinearLayout/android.widget.FrameLayout/android.widget.LinearLayout/android.widget.FrameLayout/android.widget.LinearLayout/androidx.drawerlayout.widget.DrawerLayout/android.widget.RelativeLayout/android.widget.FrameLayout[1]/android.widget.RelativeLayout[2]/android.widget.FrameLayout[2]/android.widget.RelativeLayout/android.widget.ScrollView/android.widget.LinearLayout/com.bs.ecommerce.customViews.RadioGridGroupforReyMaterial/android.widget.RelativeLayout[4]}
at java.base/jdk.internal.reflect.NativeConstructorAccessorImpl.newInstance0(Native Method)
at java.base/jdk.internal.reflect.NativeConstructorAccessorImpl.newInstance(NativeConstructorAccessorImpl.java:77)
at java.base/jdk.internal.reflect.DelegatingConstructorAccessorImpl.newInstance(DelegatingConstructorAccessorImpl.java:45)
at java.base/java.lang.reflect.Constructor.newInstanceWithCaller(Constructor.java:499)
at java.base/java.lang.reflect.Constructor.newInstance(Constructor.java:480)
at org.openqa.selenium.remote.http.W3CHttpResponseCodec.createException(W3CHttpResponseCodec.java:187)
at org.openqa.selenium.remote.http.W3CHttpResponseCodec.decode(W3CHttpResponseCodec.java:122)
at org.openqa.selenium.remote.http.W3CHttpResponseCodec.decode(W3CHttpResponseCodec.java:49)
at org.openqa.selenium.remote.HttpCommandExecutor.execute(HttpCommandExecutor.java:158)
at io.appium.java_client.remote.AppiumCommandExecutor.execute(AppiumCommandExecutor.java:239)
at org.openqa.selenium.remote.RemoteWebDriver.execute(RemoteWebDriver.java:552)
at io.appium.java_client.DefaultGenericMobileDriver.execute(DefaultGenericMobileDriver.java:41)
at io.appium.java_client.AppiumDriver.execute(AppiumDriver.java:1)
at io.appium.java_client.android.AndroidDriver.execute(AndroidDriver.java:1)
at org.openqa.selenium.remote.RemoteWebDriver.findElement(RemoteWebDriver.java:323)
at io.appium.java_client.DefaultGenericMobileDriver.findElement(DefaultGenericMobileDriver.java:61)
at io.appium.java_client.AppiumDriver.findElement(AppiumDriver.java:1)
at io.appium.java_client.android.AndroidDriver.findElement(AndroidDriver.java:1)
at org.openqa.selenium.remote.RemoteWebDriver.findElementByXPath(RemoteWebDriver.java:428)
at io.appium.java_client.DefaultGenericMobileDriver.findElementByXPath(DefaultGenericMobileDriver.java:151)
at io.appium.java_client.AppiumDriver.findElementByXPath(AppiumDriver.java:1)
at io.appium.java_client.android.AndroidDriver.findElementByXPath(AndroidDriver.java:1)
at org.openqa.selenium.By$ByXPath.findElement(By.java:353)
at org.openqa.selenium.remote.RemoteWebDriver.findElement(RemoteWebDriver.java:315)
at io.appium.java_client.DefaultGenericMobileDriver.findElement(DefaultGenericMobileDriver.java:57)
at io.appium.java_client.AppiumDriver.findElement(AppiumDriver.java:1)
at io.appium.java_client.android.AndroidDriver.findElement(AndroidDriver.java:1)
at org.openqa.selenium.support.pagefactory.DefaultElementLocator.findElement(DefaultElementLocator.java:69)
at org.openqa.selenium.support.pagefactory.internal.LocatingElementHandler.invoke(LocatingElementHandler.java:38)
at jdk.proxy2/jdk.proxy2.$Proxy11.click(Unknown Source)
at com.qa.pages.CustomerPlaceOrderGuestUserPage.CustomerPlaceOrderGuestUserWithAllMendatoryField(CustomerPlaceOrderGuestUserPage.java:137)
at com.qa.testcases.AddProductsShoppingCartTest.CustomerPlaceOrderUsingGuestUserTest(AddProductsShoppingCartTest.java:49)
at java.base/jdk.internal.reflect.NativeMethodAccessorImpl.invoke0(Native Method)
at java.base/jdk.internal.reflect.NativeMethodAccessorImpl.invoke(NativeMethodAccessorImpl.java:77)
at java.base/jdk.internal.reflect.DelegatingMethodAccessorImpl.invoke(DelegatingMethodAccessorImpl.java:43)
at java.base/java.lang.reflect.Method.invoke(Method.java:568)
at org.testng.internal.invokers.MethodInvocationHelper.invokeMethod(MethodInvocationHelper.java:139)
at org.testng.internal.invokers.TestInvoker.invokeMethod(TestInvoker.java:677)
at org.testng.internal.invokers.TestInvoker.invokeTestMethod(TestInvoker.java:221)
at org.testng.internal.invokers.MethodRunner.runInSequence(MethodRunner.java:50)
at org.testng.internal.invokers.TestInvoker$MethodInvocationAgent.invoke(TestInvoker.java:962)
at org.testng.internal.invokers.TestInvoker.invokeTestMethods(TestInvoker.java:194)
at org.testng.internal.invokers.TestMethodWorker.invokeTestMethods(TestMethodWorker.java:148)
at org.testng.internal.invokers.TestMethodWorker.run(TestMethodWorker.java:128)
at java.base/java.util.ArrayList.forEach(ArrayList.java:1511)
at org.testng.TestRunner.privateRun(TestRunner.java:806)
at org.testng.TestRunner.run(TestRunner.java:601)
at org.testng.SuiteRunner.runTest(SuiteRunner.java:433)
at org.testng.SuiteRunner.runSequentially(SuiteRunner.java:427)
at org.testng.SuiteRunner.privateRun(SuiteRunner.java:387)
at org.testng.SuiteRunner.run(SuiteRunner.java:330)
at org.testng.SuiteRunnerWorker.runSuite(SuiteRunnerWorker.java:52)
at org.testng.SuiteRunnerWorker.run(SuiteRunnerWorker.java:95)
at org.testng.TestNG.runSuitesSequentially(TestNG.java:1256)
at org.testng.TestNG.runSuitesLocally(TestNG.java:1176)
at org.testng.TestNG.runSuites(TestNG.java:1099)
at org.testng.TestNG.run(TestNG.java:1067)
at org.testng.remote.AbstractRemoteTestNG.run(AbstractRemoteTestNG.java:115)
at org.testng.remote.RemoteTestNG.initAndRun(RemoteTestNG.java:251)
at org.testng.remote.RemoteTestNG.main(RemoteTestNG.java:77)
]]>
    </failure>
  </testcase> <!-- CustomerPlaceOrderUsingGuestUserTest -->
</testsuite> <!-- Default test -->
