<?xml version="1.0" encoding="UTF-8"?>
<!-- Generated by org.testng.reporters.JUnitXMLReporter -->
<testsuite ignored="0" hostname="SHISHIR" failures="0" tests="2" name="Test" time="173.464" errors="0" timestamp="2024-03-03T16:13:13 BDT">
  <testcase classname="com.qa.testcases.AddProductsShoppingCartTest" name="CustomerAddProductsShoppingCartTest" time="40.326"/>
  <testcase classname="com.qa.testcases.AddProductsShoppingCartTest" name="CustomerPlaceOrderUsingGuestUserTest" time="98.996"/>
</testsuite> <!-- Test -->
