<?xml version="1.0" encoding="UTF-8"?>
<testng-results ignored="0" total="2" passed="2" failed="0" skipped="0">
  <reporter-output>
  </reporter-output>
  <suite started-at="2024-03-03T16:10:19 BDT" name="Suite" finished-at="2024-03-03T16:13:13 BDT" duration-ms="173464">
    <groups>
    </groups>
    <test started-at="2024-03-03T16:10:19 BDT" name="Test" finished-at="2024-03-03T16:13:13 BDT" duration-ms="173464">
      <class name="com.qa.testcases.AddProductsShoppingCartTest">
        <test-method is-config="true" signature="initialize()[pri:0, instance:com.qa.testcases.AddProductsShoppingCartTest@2925bf5b]" started-at="2024-03-03T16:10:19 BDT" name="initialize" finished-at="2024-03-03T16:10:53 BDT" duration-ms="33295" status="PASS">
          <reporter-output>
          </reporter-output>
        </test-method> <!-- initialize -->
        <test-method signature="CustomerAddProductsShoppingCartTest()[pri:1, instance:com.qa.testcases.AddProductsShoppingCartTest@2925bf5b]" started-at="2024-03-03T16:10:53 BDT" name="CustomerAddProductsShoppingCartTest" finished-at="2024-03-03T16:11:33 BDT" duration-ms="40326" status="PASS">
          <reporter-output>
          </reporter-output>
        </test-method> <!-- CustomerAddProductsShoppingCartTest -->
        <test-method signature="CustomerPlaceOrderUsingGuestUserTest()[pri:2, instance:com.qa.testcases.AddProductsShoppingCartTest@2925bf5b]" started-at="2024-03-03T16:11:33 BDT" name="CustomerPlaceOrderUsingGuestUserTest" finished-at="2024-03-03T16:13:12 BDT" depends-on-methods="com.qa.testcases.AddProductsShoppingCartTest.CustomerAddProductsShoppingCartTest" duration-ms="98996" status="PASS">
          <reporter-output>
          </reporter-output>
        </test-method> <!-- CustomerPlaceOrderUsingGuestUserTest -->
        <test-method is-config="true" signature="tearDown()[pri:0, instance:com.qa.testcases.AddProductsShoppingCartTest@2925bf5b]" started-at="2024-03-03T16:13:12 BDT" name="tearDown" finished-at="2024-03-03T16:13:13 BDT" duration-ms="778" status="PASS">
          <reporter-output>
          </reporter-output>
        </test-method> <!-- tearDown -->
      </class> <!-- com.qa.testcases.AddProductsShoppingCartTest -->
    </test> <!-- Test -->
  </suite> <!-- Suite -->
</testng-results>
